[2026-04-11T16:01:32.979Z] GET https://gist.github.com/catoshi-gif/82a338acadefa338bdbe69a4f76c577f → pending (?ms, ?B)
[2026-04-11T16:01:35.259Z] GET https://github.githubassets.com/assets/light-0c8222dcd7a4f9b7.css → 200 (946ms, 76775B)
[2026-04-11T16:01:35.260Z] GET https://github.githubassets.com/assets/light_high_contrast-51c0c6e0c085cc0f.css → pending (?ms, ?B)
[2026-04-11T16:01:35.260Z] GET https://github.githubassets.com/assets/dark-fc6eec18532c3ae0.css → pending (?ms, ?B)
[2026-04-11T16:01:35.261Z] GET https://github.githubassets.com/assets/dark_high_contrast-96d7b2bab5a6ae4e.css → pending (?ms, ?B)
[2026-04-11T16:01:35.261Z] GET https://github.githubassets.com/assets/primer-primitives-10bf9dd67e3d70bd.css → pending (?ms, ?B)
[2026-04-11T16:01:35.261Z] GET https://github.githubassets.com/assets/primer-0fcd9af82350aeda.css → pending (?ms, ?B)
[2026-04-11T16:01:35.264Z] GET https://github.githubassets.com/assets/global-c9ae636e7affabfe.css → pending (?ms, ?B)
[2026-04-11T16:01:35.264Z] GET https://github.githubassets.com/assets/github-c94ab8d1f22049a8.css → pending (?ms, ?B)
[2026-04-11T16:01:35.305Z] GET https://github.githubassets.com/assets/high-contrast-cookie-26d6bae49dfd2c29.js → pending (?ms, ?B)
[2026-04-11T16:01:35.305Z] GET https://github.githubassets.com/assets/wp-runtime-d43299552bfccc72.js → pending (?ms, ?B)
[2026-04-11T16:01:35.305Z] GET https://github.githubassets.com/assets/fetch-utilities-78a4114cfa572239.js → pending (?ms, ?B)
[2026-04-11T16:01:35.305Z] GET https://github.githubassets.com/assets/85924-e131bec5f99667e1.js → pending (?ms, ?B)
[2026-04-11T16:01:35.305Z] GET https://github.githubassets.com/assets/28839-734cb6d8a7150172.js → pending (?ms, ?B)
[2026-04-11T16:01:35.305Z] GET https://github.githubassets.com/assets/34646-bea6b9a63337cd73.js → pending (?ms, ?B)
[2026-04-11T16:01:35.307Z] GET https://github.githubassets.com/assets/environment-51c0968cf21c176d.js → pending (?ms, ?B)
[2026-04-11T16:01:35.307Z] GET https://github.githubassets.com/assets/runtime-helpers-3bb6f7d6b7a2f531.js → pending (?ms, ?B)
[2026-04-11T16:01:35.307Z] GET https://github.githubassets.com/assets/2966-f6796bfd155feae1.js → pending (?ms, ?B)
[2026-04-11T16:01:35.307Z] GET https://github.githubassets.com/assets/96232-69d46a31854353d4.js → pending (?ms, ?B)
[2026-04-11T16:01:35.307Z] GET https://github.githubassets.com/assets/41013-7a6deee6d6ff15eb.js → pending (?ms, ?B)
[2026-04-11T16:01:35.307Z] GET https://github.githubassets.com/assets/51210-3abb7238871a5b29.js → pending (?ms, ?B)
[2026-04-11T16:01:35.308Z] GET https://github.githubassets.com/assets/64247-7de91c52a8aca0eb.js → pending (?ms, ?B)
[2026-04-11T16:01:35.308Z] GET https://github.githubassets.com/assets/31721-17b28a26ab4c2e02.js → pending (?ms, ?B)
[2026-04-11T16:01:35.308Z] GET https://github.githubassets.com/assets/46740-6606b1026a237412.js → pending (?ms, ?B)
[2026-04-11T16:01:35.308Z] GET https://github.githubassets.com/assets/39130-334926c8365e947c.js → pending (?ms, ?B)
[2026-04-11T16:01:35.308Z] GET https://github.githubassets.com/assets/github-elements-459d4cd7a0f718d7.js → pending (?ms, ?B)
[2026-04-11T16:01:35.308Z] GET https://github.githubassets.com/assets/element-registry-04246c6cfcc7dcba.js → pending (?ms, ?B)
[2026-04-11T16:01:35.309Z] GET https://github.githubassets.com/assets/react-core-e2e4dc7ec809e513.js → pending (?ms, ?B)
[2026-04-11T16:01:35.309Z] GET https://github.githubassets.com/assets/react-lib-a4cf89fce9a1300a.js → pending (?ms, ?B)
[2026-04-11T16:01:35.309Z] GET https://github.githubassets.com/assets/7053-fe40037405b8998b.js → pending (?ms, ?B)
[2026-04-11T16:01:35.309Z] GET https://github.githubassets.com/assets/58889-5fa21a6f16a85112.js → pending (?ms, ?B)
[2026-04-11T16:01:35.309Z] GET https://github.githubassets.com/assets/79039-2565b539a6ebc09b.js → pending (?ms, ?B)
[2026-04-11T16:01:35.309Z] GET https://github.githubassets.com/assets/61110-93cf7706e5dc8bfa.js → pending (?ms, ?B)
[2026-04-11T16:01:35.311Z] GET https://github.githubassets.com/assets/2887-47ac9a4b8862e6bf.js → pending (?ms, ?B)
[2026-04-11T16:01:35.311Z] GET https://github.githubassets.com/assets/26533-4df1172b25427069.js → pending (?ms, ?B)
[2026-04-11T16:01:35.311Z] GET https://github.githubassets.com/assets/17348-787e0b6b008adb94.js → pending (?ms, ?B)
[2026-04-11T16:01:35.311Z] GET https://github.githubassets.com/assets/93716-c0d708c7899c4298.js → pending (?ms, ?B)
[2026-04-11T16:01:35.311Z] GET https://github.githubassets.com/assets/60481-1a8127058c27e9af.js → pending (?ms, ?B)
[2026-04-11T16:01:35.311Z] GET https://github.githubassets.com/assets/46287-cd100bdce32a28f3.js → pending (?ms, ?B)
[2026-04-11T16:01:35.311Z] GET https://github.githubassets.com/assets/2498-7a413c8209222158.js → pending (?ms, ?B)
[2026-04-11T16:01:35.311Z] GET https://github.githubassets.com/assets/61025-07acdbf2975da96b.js → pending (?ms, ?B)
[2026-04-11T16:01:35.311Z] GET https://github.githubassets.com/assets/89627-fbbd31c43d83e10c.js → pending (?ms, ?B)
[2026-04-11T16:01:35.311Z] GET https://github.githubassets.com/assets/79087-52380608de8b0939.js → pending (?ms, ?B)
[2026-04-11T16:01:35.311Z] GET https://github.githubassets.com/assets/49029-32f138b26aa15ad8.js → pending (?ms, ?B)
[2026-04-11T16:01:35.311Z] GET https://github.githubassets.com/assets/99328-5e06da57c4622e21.js → pending (?ms, ?B)
[2026-04-11T16:01:35.312Z] GET https://github.githubassets.com/assets/behaviors-d72208d523482ecc.js → pending (?ms, ?B)
[2026-04-11T16:01:35.312Z] GET https://github.githubassets.com/assets/react-core.bd894c565a04e39a.module.css → pending (?ms, ?B)
[2026-04-11T16:01:35.312Z] GET https://github.githubassets.com/assets/4244-d5dcb589fae0ecbf.js → pending (?ms, ?B)
[2026-04-11T16:01:35.312Z] GET https://github.githubassets.com/assets/notifications-global-206312e9c9776c21.js → pending (?ms, ?B)
[2026-04-11T16:01:35.312Z] GET https://github.githubassets.com/assets/73122-100459116f0f13ec.js → pending (?ms, ?B)
[2026-04-11T16:01:35.312Z] GET https://github.githubassets.com/assets/29534-c5346160093f2b9e.js → pending (?ms, ?B)
[2026-04-11T16:01:35.312Z] GET https://github.githubassets.com/assets/gist-1e7ad5de290ee5f7.js → pending (?ms, ?B)
[2026-04-11T16:01:35.312Z] GET https://github.githubassets.com/assets/gist-edc9a42824ec18a9.css → pending (?ms, ?B)
[2026-04-11T16:01:35.312Z] GET https://github.githubassets.com/assets/primer-react-css.5f6ed1f0fb5be97e.module.css → pending (?ms, ?B)
[2026-04-11T16:01:35.312Z] GET https://github.githubassets.com/assets/keyboard-shortcuts-dialog.226020b781ed6407.module.css → pending (?ms, ?B)
[2026-04-11T16:01:35.312Z] GET https://avatars.githubusercontent.com/u/229531501?s=64&v=4 → pending (?ms, ?B)
[2026-04-11T16:01:38.218Z] GET https://github.githubassets.com/assets/chunk-51591-1317e890ac47146b.js → pending (?ms, ?B)
[2026-04-11T16:01:38.218Z] GET https://github.githubassets.com/assets/chunk-34877-fdaec2d7ab775509.js → pending (?ms, ?B)
[2026-04-11T16:01:38.218Z] GET https://github.githubassets.com/assets/55077-7e6ec049c792d791.js → pending (?ms, ?B)
[2026-04-11T16:01:38.218Z] GET https://github.githubassets.com/assets/chunk-78326-75c5610d70c5d5ec.js → pending (?ms, ?B)
[2026-04-11T16:01:38.218Z] GET https://github.githubassets.com/assets/chunk-50050-27220c8ab6a21ca6.js → pending (?ms, ?B)
[2026-04-11T16:01:38.218Z] GET https://github.githubassets.com/assets/chunk-59342-22b35be0f861385c.js → pending (?ms, ?B)
[2026-04-11T16:01:38.218Z] GET https://github.githubassets.com/assets/primer-react-9ca437122824b26a.js → pending (?ms, ?B)
[2026-04-11T16:01:38.218Z] GET https://github.githubassets.com/assets/octicons-react-a181826f33dcd4d8.js → pending (?ms, ?B)
[2026-04-11T16:01:38.218Z] GET https://github.githubassets.com/assets/87376-40a11a08536e6be2.js → pending (?ms, ?B)
[2026-04-11T16:01:38.219Z] GET https://github.githubassets.com/assets/37869-a873e81f0fcb98e2.js → pending (?ms, ?B)
[2026-04-11T16:01:38.219Z] GET https://github.githubassets.com/assets/68751-fe5cb40b5547c377.js → pending (?ms, ?B)
[2026-04-11T16:01:38.219Z] GET https://github.githubassets.com/assets/63991-125a5c660965e63e.js → pending (?ms, ?B)
[2026-04-11T16:01:38.219Z] GET https://github.githubassets.com/assets/59852-5847c42877228dae.js → pending (?ms, ?B)
[2026-04-11T16:01:38.219Z] GET https://github.githubassets.com/assets/41911-85501ec7fd6ae96c.js → pending (?ms, ?B)
[2026-04-11T16:01:38.219Z] GET https://github.githubassets.com/assets/38963.f70dfea92b138b01.module.css → pending (?ms, ?B)
[2026-04-11T16:01:39.756Z] GET https://github.githubassets.com/assets/chunk-81053-4b979968b5019472.js → pending (?ms, ?B)
[2026-04-11T16:01:39.757Z] GET https://github.githubassets.com/assets/chunk-46661-ffaf826ae5730065.js → pending (?ms, ?B)
[2026-04-11T16:01:39.813Z] POST https://collector.github.com/github/collect → pending (?ms, ?B)
[2026-04-11T16:01:39.814Z] POST https://collector.github.com/github/collect → pending (?ms, ?B)
[2026-04-11T16:01:39.814Z] POST https://collector.github.com/github/collect → pending (?ms, ?B)
[2026-04-11T16:01:40.275Z] GET https://github.githubassets.com/assets/chunk-85825-b95e00c532a6f285.js → pending (?ms, ?B)
[2026-04-11T16:01:41.179Z] GET https://github.githubassets.com/assets/15272-00d6ef52b0f88c77.js → pending (?ms, ?B)
[2026-04-11T16:01:41.179Z] GET https://github.githubassets.com/assets/61975.bf2bb705802183ac.module.css → pending (?ms, ?B)
[2026-04-11T16:01:41.179Z] GET https://github.githubassets.com/assets/chunk-61975-77ccc5aab483e9dd.js → pending (?ms, ?B)
[2026-04-11T16:01:41.817Z] POST https://collector.github.com/github/collect → pending (?ms, ?B)
[2026-04-11T16:01:41.821Z] POST https://api.github.com/_private/browser/stats → pending (?ms, ?B)
[2026-04-11T16:01:41.823Z] POST https://collector.github.com/github/collect → pending (?ms, ?B)
[2026-04-11T16:01:46.828Z] POST https://collector.github.com/github/collect → pending (?ms, ?B)
